<?xml version="1.0" encoding="UTF-8"?>
<testng-results ignored="0" total="2" passed="2" failed="0" skipped="0">
  <reporter-output>
  </reporter-output>
  <suite started-at="2024-07-19T16:17:48 IST" name="Default suite" finished-at="2024-07-19T16:17:48 IST" duration-ms="177">
    <groups>
    </groups>
    <test started-at="2024-07-19T16:17:48 IST" name="Default test" finished-at="2024-07-19T16:17:48 IST" duration-ms="177">
      <class name="TestLayer.cogmentoTest">
        <test-method signature="contctpage()[pri:0, instance:TestLayer.cogmentoTest@636be97c]" started-at="2024-07-19T16:17:48 IST" name="contctpage" finished-at="2024-07-19T16:17:48 IST" duration-ms="29" status="PASS">
          <reporter-output>
          </reporter-output>
        </test-method> <!-- contctpage -->
        <test-method signature="login()[pri:0, instance:TestLayer.cogmentoTest@636be97c]" started-at="2024-07-19T16:17:48 IST" name="login" finished-at="2024-07-19T16:17:48 IST" duration-ms="11" status="PASS">
          <reporter-output>
          </reporter-output>
        </test-method> <!-- login -->
      </class> <!-- TestLayer.cogmentoTest -->
    </test> <!-- Default test -->
  </suite> <!-- Default suite -->
</testng-results>
